# JRE version: OpenJDK Runtime Environment (17.0.7) (build 17.0.7+0-b2043.56-10550314)
# Java VM: OpenJDK 64-Bit Server VM (17.0.7+0-b2043.56-10550314, mixed mode, tiered, compressed oops, compressed class ptrs, g1 gc, windows-amd64)
GC Precious Log:
 CPUs: 8 total, 8 available
 Memory: 7900M
 Large Page Support: Disabled
 NUMA Support: Disabled
 Compressed Oops: Enabled (32-bit)
 Heap Region Size: 1M
 Heap Min Capacity: 8M
 Heap Initial Capacity: 124M
 Heap Max Capacity: 1536M
 Pre-touch: Disabled
 Parallel Workers: 8
 Concurrent Workers: 2
 Concurrent Refinement Workers: 8
 Periodic GC: Disabled
Heap:
 garbage-first heap   total 189440K, used 116912K [0x00000000a0000000, 0x0000000100000000)
  region size 1024K, 1 young (1024K), 1 survivors (1024K)
 Metaspace       used 91275K, committed 92096K, reserved 1179648K
  class space    used 12452K, committed 12800K, reserved 1048576K
GC Heap History (20 events):
Event: 22.290 GC heap after
{Heap after GC invocations=48 (full 0):
 garbage-first heap   total 153600K, used 77467K [0x00000000a0000000, 0x0000000100000000)
  region size 1024K, 3 young (3072K), 3 survivors (3072K)
 Metaspace       used 76863K, committed 77568K, reserved 1179648K
  class space    used 10376K, committed 10688K, reserved 1048576K
}
Event: 22.892 GC heap before
{Heap before GC invocations=48 (full 0):
 garbage-first heap   total 153600K, used 121499K [0x00000000a0000000, 0x0000000100000000)
  region size 1024K, 46 young (47104K), 3 survivors (3072K)
 Metaspace       used 78664K, committed 79424K, reserved 1179648K
  class space    used 10670K, committed 11008K, reserved 1048576K
}
Event: 22.903 GC heap after
{Heap after GC invocations=49 (full 0):
 garbage-first heap   total 153600K, used 82353K [0x00000000a0000000, 0x0000000100000000)
  region size 1024K, 6 young (6144K), 6 survivors (6144K)
 Metaspace       used 78664K, committed 79424K, reserved 1179648K
  class space    used 10670K, committed 11008K, reserved 1048576K
}
Event: 23.777 GC heap before
{Heap before GC invocations=50 (full 0):
 garbage-first heap   total 153600K, used 112049K [0x00000000a0000000, 0x0000000100000000)
  region size 1024K, 37 young (37888K), 6 survivors (6144K)
 Metaspace       used 80076K, committed 80768K, reserved 1179648K
  class space    used 10856K, committed 11136K, reserved 1048576K
}
Event: 23.788 GC heap after
{Heap after GC invocations=51 (full 0):
 garbage-first heap   total 153600K, used 85476K [0x00000000a0000000, 0x0000000100000000)
  region size 1024K, 3 young (3072K), 3 survivors (3072K)
 Metaspace       used 80076K, committed 80768K, reserved 1179648K
  class space    used 10856K, committed 11136K, reserved 1048576K
}
Event: 24.728 GC heap before
{Heap before GC invocations=52 (full 0):
 garbage-first heap   total 155648K, used 130532K [0x00000000a0000000, 0x0000000100000000)
  region size 1024K, 41 young (41984K), 3 survivors (3072K)
 Metaspace       used 81350K, committed 82112K, reserved 1179648K
  class space    used 11083K, committed 11392K, reserved 1048576K
}
Event: 24.736 GC heap after
{Heap after GC invocations=53 (full 0):
 garbage-first heap   total 155648K, used 99139K [0x00000000a0000000, 0x0000000100000000)
  region size 1024K, 6 young (6144K), 6 survivors (6144K)
 Metaspace       used 81350K, committed 82112K, reserved 1179648K
  class space    used 11083K, committed 11392K, reserved 1048576K
}
Event: 24.754 GC heap before
{Heap before GC invocations=53 (full 0):
 garbage-first heap   total 155648K, used 100163K [0x00000000a0000000, 0x0000000100000000)
  region size 1024K, 7 young (7168K), 6 survivors (6144K)
 Metaspace       used 81364K, committed 82112K, reserved 1179648K
  class space    used 11084K, committed 11392K, reserved 1048576K
}
Event: 24.761 GC heap after
{Heap after GC invocations=54 (full 0):
 garbage-first heap   total 155648K, used 99716K [0x00000000a0000000, 0x0000000100000000)
  region size 1024K, 1 young (1024K), 1 survivors (1024K)
 Metaspace       used 81364K, committed 82112K, reserved 1179648K
  class space    used 11084K, committed 11392K, reserved 1048576K
}
Event: 25.491 GC heap before
{Heap before GC invocations=54 (full 0):
 garbage-first heap   total 155648K, used 127364K [0x00000000a0000000, 0x0000000100000000)
  region size 1024K, 28 young (28672K), 1 survivors (1024K)
 Metaspace       used 82640K, committed 83392K, reserved 1179648K
  class space    used 11266K, committed 11584K, reserved 1048576K
}
Event: 25.498 GC heap after
{Heap after GC invocations=55 (full 0):
 garbage-first heap   total 155648K, used 103827K [0x00000000a0000000, 0x0000000100000000)
  region size 1024K, 4 young (4096K), 4 survivors (4096K)
 Metaspace       used 82640K, committed 83392K, reserved 1179648K
  class space    used 11266K, committed 11584K, reserved 1048576K
}
Event: 26.063 GC heap before
{Heap before GC invocations=56 (full 0):
 garbage-first heap   total 183296K, used 128403K [0x00000000a0000000, 0x0000000100000000)
  region size 1024K, 28 young (28672K), 4 survivors (4096K)
 Metaspace       used 85416K, committed 86208K, reserved 1179648K
  class space    used 11715K, committed 12032K, reserved 1048576K
}
Event: 26.072 GC heap after
{Heap after GC invocations=57 (full 0):
 garbage-first heap   total 183296K, used 105730K [0x00000000a0000000, 0x0000000100000000)
  region size 1024K, 2 young (2048K), 2 survivors (2048K)
 Metaspace       used 85416K, committed 86208K, reserved 1179648K
  class space    used 11715K, committed 12032K, reserved 1048576K
}
Event: 26.232 GC heap before
{Heap before GC invocations=57 (full 0):
 garbage-first heap   total 183296K, used 111874K [0x00000000a0000000, 0x0000000100000000)
  region size 1024K, 8 young (8192K), 2 survivors (2048K)
 Metaspace       used 85999K, committed 86848K, reserved 1179648K
  class space    used 11814K, committed 12160K, reserved 1048576K
}
Event: 26.236 GC heap after
{Heap after GC invocations=58 (full 0):
 garbage-first heap   total 183296K, used 105915K [0x00000000a0000000, 0x0000000100000000)
  region size 1024K, 1 young (1024K), 1 survivors (1024K)
 Metaspace       used 85999K, committed 86848K, reserved 1179648K
  class space    used 11814K, committed 12160K, reserved 1048576K
}
Event: 27.073 GC heap before
{Heap before GC invocations=58 (full 0):
 garbage-first heap   total 183296K, used 146875K [0x00000000a0000000, 0x0000000100000000)
  region size 1024K, 41 young (41984K), 1 survivors (1024K)
 Metaspace       used 90157K, committed 90944K, reserved 1179648K
  class space    used 12318K, committed 12672K, reserved 1048576K
}
Event: 27.078 GC heap after
{Heap after GC invocations=59 (full 0):
 garbage-first heap   total 183296K, used 109103K [0x00000000a0000000, 0x0000000100000000)
  region size 1024K, 4 young (4096K), 4 survivors (4096K)
 Metaspace       used 90157K, committed 90944K, reserved 1179648K
  class space    used 12318K, committed 12672K, reserved 1048576K
}
Event: 27.824 GC heap before
{Heap before GC invocations=60 (full 0):
 garbage-first heap   total 189440K, used 146991K [0x00000000a0000000, 0x0000000100000000)
  region size 1024K, 42 young (43008K), 4 survivors (4096K)
 Metaspace       used 91167K, committed 91968K, reserved 1179648K
  class space    used 12432K, committed 12800K, reserved 1048576K
}
Event: 27.840 GC heap after
{Heap after GC invocations=61 (full 0):
 garbage-first heap   total 189440K, used 115972K [0x00000000a0000000, 0x0000000100000000)
  region size 1024K, 6 young (6144K), 6 survivors (6144K)
 Metaspace       used 91167K, committed 91968K, reserved 1179648K
  class space    used 12432K, committed 12800K, reserved 1048576K
}
Event: 27.878 GC heap before
{Heap before GC invocations=61 (full 0):
 garbage-first heap   total 189440K, used 119044K [0x00000000a0000000, 0x0000000100000000)
  region size 1024K, 9 young (9216K), 6 survivors (6144K)
 Metaspace       used 91275K, committed 92096K, reserved 1179648K
  class space    used 12452K, committed 12800K, reserved 1048576K
}

