# JRE version: OpenJDK Runtime Environment (17.0.7) (build 17.0.7+0-b2043.56-10550314)
# Java VM: OpenJDK 64-Bit Server VM (17.0.7+0-b2043.56-10550314, mixed mode, tiered, compressed oops, compressed class ptrs, g1 gc, windows-amd64)
GC Precious Log:
 CPUs: 8 total, 8 available
 Memory: 7900M
 Large Page Support: Disabled
 NUMA Support: Disabled
 Compressed Oops: Enabled (32-bit)
 Heap Region Size: 1M
 Heap Min Capacity: 8M
 Heap Initial Capacity: 124M
 Heap Max Capacity: 1536M
 Pre-touch: Disabled
 Parallel Workers: 8
 Concurrent Workers: 2
 Concurrent Refinement Workers: 8
 Periodic GC: Disabled
Heap:
 garbage-first heap   total 271360K, used 181125K [0x00000000a0000000, 0x0000000100000000)
  region size 1024K, 56 young (57344K), 12 survivors (12288K)
 Metaspace       used 96187K, committed 97216K, reserved 1179648K
  class space    used 13040K, committed 13504K, reserved 1048576K
GC Heap History (20 events):
Event: 2671.017 GC heap before
{Heap before GC invocations=61 (full 0):
 garbage-first heap   total 171008K, used 132948K [0x00000000a0000000, 0x0000000100000000)
  region size 1024K, 25 young (25600K), 1 survivors (1024K)
 Metaspace       used 94212K, committed 95104K, reserved 1179648K
  class space    used 12863K, committed 13248K, reserved 1048576K
}
Event: 2671.035 GC heap after
{Heap after GC invocations=62 (full 0):
 garbage-first heap   total 171008K, used 108279K [0x00000000a0000000, 0x0000000100000000)
  region size 1024K, 1 young (1024K), 1 survivors (1024K)
 Metaspace       used 94212K, committed 95104K, reserved 1179648K
  class space    used 12863K, committed 13248K, reserved 1048576K
}
Event: 3566.296 GC heap before
{Heap before GC invocations=62 (full 0):
 garbage-first heap   total 171008K, used 147191K [0x00000000a0000000, 0x0000000100000000)
  region size 1024K, 39 young (39936K), 1 survivors (1024K)
 Metaspace       used 94439K, committed 95360K, reserved 1179648K
  class space    used 12893K, committed 13248K, reserved 1048576K
}
Event: 3566.332 GC heap after
{Heap after GC invocations=63 (full 0):
 garbage-first heap   total 171008K, used 110861K [0x00000000a0000000, 0x0000000100000000)
  region size 1024K, 3 young (3072K), 3 survivors (3072K)
 Metaspace       used 94439K, committed 95360K, reserved 1179648K
  class space    used 12893K, committed 13248K, reserved 1048576K
}
Event: 3568.725 GC heap before
{Heap before GC invocations=63 (full 0):
 garbage-first heap   total 171008K, used 145677K [0x00000000a0000000, 0x0000000100000000)
  region size 1024K, 38 young (38912K), 3 survivors (3072K)
 Metaspace       used 94807K, committed 95744K, reserved 1179648K
  class space    used 12922K, committed 13312K, reserved 1048576K
}
Event: 3568.746 GC heap after
{Heap after GC invocations=64 (full 0):
 garbage-first heap   total 171008K, used 112996K [0x00000000a0000000, 0x0000000100000000)
  region size 1024K, 5 young (5120K), 5 survivors (5120K)
 Metaspace       used 94807K, committed 95744K, reserved 1179648K
  class space    used 12922K, committed 13312K, reserved 1048576K
}
Event: 3570.008 GC heap before
{Heap before GC invocations=64 (full 0):
 garbage-first heap   total 171008K, used 144740K [0x00000000a0000000, 0x0000000100000000)
  region size 1024K, 37 young (37888K), 5 survivors (5120K)
 Metaspace       used 95112K, committed 96128K, reserved 1179648K
  class space    used 12953K, committed 13376K, reserved 1048576K
}
Event: 3570.054 GC heap after
{Heap after GC invocations=65 (full 0):
 garbage-first heap   total 171008K, used 118242K [0x00000000a0000000, 0x0000000100000000)
  region size 1024K, 5 young (5120K), 5 survivors (5120K)
 Metaspace       used 95112K, committed 96128K, reserved 1179648K
  class space    used 12953K, committed 13376K, reserved 1048576K
}
Event: 3570.875 GC heap before
{Heap before GC invocations=65 (full 0):
 garbage-first heap   total 171008K, used 145890K [0x00000000a0000000, 0x0000000100000000)
  region size 1024K, 31 young (31744K), 5 survivors (5120K)
 Metaspace       used 95450K, committed 96384K, reserved 1179648K
  class space    used 12988K, committed 13376K, reserved 1048576K
}
Event: 3570.902 GC heap after
{Heap after GC invocations=66 (full 0):
 garbage-first heap   total 171008K, used 126627K [0x00000000a0000000, 0x0000000100000000)
  region size 1024K, 4 young (4096K), 4 survivors (4096K)
 Metaspace       used 95450K, committed 96384K, reserved 1179648K
  class space    used 12988K, committed 13376K, reserved 1048576K
}
Event: 3570.966 GC heap before
{Heap before GC invocations=66 (full 0):
 garbage-first heap   total 171008K, used 143011K [0x00000000a0000000, 0x0000000100000000)
  region size 1024K, 21 young (21504K), 4 survivors (4096K)
 Metaspace       used 95462K, committed 96384K, reserved 1179648K
  class space    used 12988K, committed 13376K, reserved 1048576K
}
Event: 3570.977 GC heap after
{Heap after GC invocations=67 (full 0):
 garbage-first heap   total 171008K, used 127928K [0x00000000a0000000, 0x0000000100000000)
  region size 1024K, 1 young (1024K), 1 survivors (1024K)
 Metaspace       used 95462K, committed 96384K, reserved 1179648K
  class space    used 12988K, committed 13376K, reserved 1048576K
}
Event: 3571.034 GC heap before
{Heap before GC invocations=67 (full 0):
 garbage-first heap   total 171008K, used 145336K [0x00000000a0000000, 0x0000000100000000)
  region size 1024K, 18 young (18432K), 1 survivors (1024K)
 Metaspace       used 95462K, committed 96384K, reserved 1179648K
  class space    used 12988K, committed 13376K, reserved 1048576K
}
Event: 3571.036 GC heap after
{Heap after GC invocations=68 (full 0):
 garbage-first heap   total 171008K, used 127617K [0x00000000a0000000, 0x0000000100000000)
  region size 1024K, 1 young (1024K), 1 survivors (1024K)
 Metaspace       used 95462K, committed 96384K, reserved 1179648K
  class space    used 12988K, committed 13376K, reserved 1048576K
}
Event: 3571.100 GC heap before
{Heap before GC invocations=68 (full 0):
 garbage-first heap   total 171008K, used 145025K [0x00000000a0000000, 0x0000000100000000)
  region size 1024K, 19 young (19456K), 1 survivors (1024K)
 Metaspace       used 95462K, committed 96384K, reserved 1179648K
  class space    used 12988K, committed 13376K, reserved 1048576K
}
Event: 3571.104 GC heap after
{Heap after GC invocations=69 (full 0):
 garbage-first heap   total 271360K, used 127822K [0x00000000a0000000, 0x0000000100000000)
  region size 1024K, 1 young (1024K), 1 survivors (1024K)
 Metaspace       used 95462K, committed 96384K, reserved 1179648K
  class space    used 12988K, committed 13376K, reserved 1048576K
}
Event: 3571.694 GC heap before
{Heap before GC invocations=69 (full 0):
 garbage-first heap   total 271360K, used 218958K [0x00000000a0000000, 0x0000000100000000)
  region size 1024K, 90 young (92160K), 1 survivors (1024K)
 Metaspace       used 95462K, committed 96384K, reserved 1179648K
  class space    used 12988K, committed 13376K, reserved 1048576K
}
Event: 3571.697 GC heap after
{Heap after GC invocations=70 (full 0):
 garbage-first heap   total 271360K, used 129041K [0x00000000a0000000, 0x0000000100000000)
  region size 1024K, 2 young (2048K), 2 survivors (2048K)
 Metaspace       used 95462K, committed 96384K, reserved 1179648K
  class space    used 12988K, committed 13376K, reserved 1048576K
}
Event: 3667.595 GC heap before
{Heap before GC invocations=70 (full 0):
 garbage-first heap   total 271360K, used 229393K [0x00000000a0000000, 0x0000000100000000)
  region size 1024K, 100 young (102400K), 2 survivors (2048K)
 Metaspace       used 95926K, committed 96960K, reserved 1179648K
  class space    used 13011K, committed 13440K, reserved 1048576K
}
Event: 3667.661 GC heap after
{Heap after GC invocations=71 (full 0):
 garbage-first heap   total 271360K, used 137093K [0x00000000a0000000, 0x0000000100000000)
  region size 1024K, 12 young (12288K), 12 survivors (12288K)
 Metaspace       used 95926K, committed 96960K, reserved 1179648K
  class space    used 13011K, committed 13440K, reserved 1048576K
}

